Determining if the pthread_create exist failed with the following output:
Change Dir: /home/xinlei/solidity/cmake/CMakeFiles/CMakeTmp

Run Build Command:"/usr/bin/make" "cmTC_cfd1c/fast"
/usr/bin/make -f CMakeFiles/cmTC_cfd1c.dir/build.make CMakeFiles/cmTC_cfd1c.dir/build
make[1]: Entering directory '/home/xinlei/solidity/cmake/CMakeFiles/CMakeTmp'
Building C object CMakeFiles/cmTC_cfd1c.dir/CheckSymbolExists.c.o
/usr/bin/cc    -o CMakeFiles/cmTC_cfd1c.dir/CheckSymbolExists.c.o   -c /home/xinlei/solidity/cmake/CMakeFiles/CMakeTmp/CheckSymbolExists.c
Linking C executable cmTC_cfd1c
/usr/bin/cmake -E cmake_link_script CMakeFiles/cmTC_cfd1c.dir/link.txt --verbose=1
/usr/bin/cc      -rdynamic CMakeFiles/cmTC_cfd1c.dir/CheckSymbolExists.c.o  -o cmTC_cfd1c 
CMakeFiles/cmTC_cfd1c.dir/CheckSymbolExists.c.o: In function `main':
CheckSymbolExists.c:(.text+0x1b): undefined reference to `pthread_create'
collect2: error: ld returned 1 exit status
CMakeFiles/cmTC_cfd1c.dir/build.make:97: recipe for target 'cmTC_cfd1c' failed
make[1]: *** [cmTC_cfd1c] Error 1
make[1]: Leaving directory '/home/xinlei/solidity/cmake/CMakeFiles/CMakeTmp'
Makefile:126: recipe for target 'cmTC_cfd1c/fast' failed
make: *** [cmTC_cfd1c/fast] Error 2

File /home/xinlei/solidity/cmake/CMakeFiles/CMakeTmp/CheckSymbolExists.c:
/* */
#include <pthread.h>

int main(int argc, char** argv)
{
  (void)argv;
#ifndef pthread_create
  return ((int*)(&pthread_create))[argc];
#else
  (void)argc;
  return 0;
#endif
}

Determining if the function pthread_create exists in the pthreads failed with the following output:
Change Dir: /home/xinlei/solidity/cmake/CMakeFiles/CMakeTmp

Run Build Command:"/usr/bin/make" "cmTC_267e8/fast"
/usr/bin/make -f CMakeFiles/cmTC_267e8.dir/build.make CMakeFiles/cmTC_267e8.dir/build
make[1]: Entering directory '/home/xinlei/solidity/cmake/CMakeFiles/CMakeTmp'
Building C object CMakeFiles/cmTC_267e8.dir/CheckFunctionExists.c.o
/usr/bin/cc   -DCHECK_FUNCTION_EXISTS=pthread_create   -o CMakeFiles/cmTC_267e8.dir/CheckFunctionExists.c.o   -c /usr/share/cmake-3.10/Modules/CheckFunctionExists.c
Linking C executable cmTC_267e8
/usr/bin/cmake -E cmake_link_script CMakeFiles/cmTC_267e8.dir/link.txt --verbose=1
/usr/bin/cc  -DCHECK_FUNCTION_EXISTS=pthread_create    -rdynamic CMakeFiles/cmTC_267e8.dir/CheckFunctionExists.c.o  -o cmTC_267e8 -lpthreads 
/usr/bin/ld: cannot find -lpthreads
collect2: error: ld returned 1 exit status
CMakeFiles/cmTC_267e8.dir/build.make:97: recipe for target 'cmTC_267e8' failed
make[1]: *** [cmTC_267e8] Error 1
make[1]: Leaving directory '/home/xinlei/solidity/cmake/CMakeFiles/CMakeTmp'
Makefile:126: recipe for target 'cmTC_267e8/fast' failed
make: *** [cmTC_267e8/fast] Error 2


